<?xml version="1.0" encoding="UTF-8"?>
<!-- Generated by org.testng.reporters.JUnitReportReporter -->
<testsuite skipped="0" hostname="DESKTOP-K720T7V" name="MortgageTests" tests="2" failures="0" timestamp="2021-12-01T21:08:11 IST" time="17.307" errors="0">
  <testcase name="Test01_calculateUsingDataFromDB" time="14.890" classname="MortgageTests"/>
  <testcase name="test02_verifySaved" time="2.417" classname="MortgageTests"/>
</testsuite> <!-- MortgageTests -->
