<?xml version="1.0" encoding="UTF-8"?>
<!-- Generated by org.testng.reporters.JUnitReportReporter -->
<testsuite skipped="0" hostname="DESKTOP-K720T7V" name="MortgageTests" tests="2" failures="0" timestamp="2021-12-02T09:49:42 IST" time="17.756" errors="0">
  <testcase name="Test01_calculateUsingDataFromDB" time="15.450" classname="MortgageTests"/>
  <testcase name="test02_verifySaved" time="2.306" classname="MortgageTests"/>
</testsuite> <!-- MortgageTests -->
